<?xml version="1.0" encoding="UTF-8"?>
<testng-results ignored="0" total="1" passed="1" failed="0" skipped="0">
  <reporter-output>
  </reporter-output>
  <suite started-at="2022-09-27T18:29:11 EEST" name="Test Suite #1" finished-at="2022-09-27T18:29:21 EEST" duration-ms="9750">
    <groups>
    </groups>
    <test started-at="2022-09-27T18:29:11 EEST" name="Last Digital Test" finished-at="2022-09-27T18:29:21 EEST" duration-ms="9750">
      <class name="LastDigitalTest">
        <test-method is-config="true" signature="before(java.lang.String)[pri:0, instance:LastDigitalTest@5c1a8622]" started-at="2022-09-27T18:29:11 EEST" name="before" finished-at="2022-09-27T18:29:13 EEST" duration-ms="2126" status="PASS">
          <params>
            <param index="0">
              <value>
                <![CDATA[CHROME]]>
              </value>
            </param>
          </params>
          <reporter-output>
          </reporter-output>
        </test-method> <!-- before -->
        <test-method signature="lastDigitalTest()[pri:0, instance:LastDigitalTest@5c1a8622]" started-at="2022-09-27T18:29:13 EEST" name="lastDigitalTest" finished-at="2022-09-27T18:29:21 EEST" duration-ms="7468" status="PASS">
          <reporter-output>
          </reporter-output>
        </test-method> <!-- lastDigitalTest -->
        <test-method is-config="true" signature="after()[pri:0, instance:LastDigitalTest@5c1a8622]" started-at="2022-09-27T18:29:21 EEST" name="after" finished-at="2022-09-27T18:29:21 EEST" duration-ms="138" status="PASS">
          <reporter-output>
          </reporter-output>
        </test-method> <!-- after -->
      </class> <!-- LastDigitalTest -->
    </test> <!-- Last Digital Test -->
  </suite> <!-- Test Suite #1 -->
</testng-results>
